<?xml version="1.0" encoding="UTF-8"?>
<!-- Generated by org.testng.reporters.JUnitReportReporter -->
<testsuite skipped="0" hostname="ntpc01508" name="petStoredemo.ResponseSpec" tests="1" failures="0" timestamp="05 Oct 2018 13:48:17 GMT" time="2.125" errors="0">
  <testcase name="RequestSpecDemo" time="2.125" classname="petStoredemo.ResponseSpec"/>
</testsuite> <!-- petStoredemo.ResponseSpec -->
