<?xml version="1.0" encoding="UTF-8"?>
<!-- Generated by org.testng.reporters.JUnitReportReporter -->
<testsuite skipped="0" hostname="ntpc01508" name="post_putDemo.PostandPutTest" tests="2" failures="0" timestamp="05 Oct 2018 14:05:37 GMT" time="3.972" errors="0">
  <testcase name="postdata" time="2.821" classname="post_putDemo.PostandPutTest"/>
  <testcase name="putdata" time="1.151" classname="post_putDemo.PostandPutTest"/>
</testsuite> <!-- post_putDemo.PostandPutTest -->
