<?xml version="1.0" encoding="UTF-8"?>
<!-- Generated by org.testng.reporters.JUnitReportReporter -->
<testsuite skipped="0" hostname="ntpc01508" name="petStoredemo.SimpleGet" tests="1" failures="0" timestamp="05 Oct 2018 13:49:27 GMT" time="1.994" errors="0">
  <testcase name="GetReq" time="1.994" classname="petStoredemo.SimpleGet"/>
</testsuite> <!-- petStoredemo.SimpleGet -->
