<?xml version="1.0" encoding="UTF-8"?>
<!-- Generated by org.testng.reporters.JUnitReportReporter -->
<testsuite skipped="0" hostname="ntpc01508" name="petStoredemo.WaysResponseExtraction" tests="2" failures="0" timestamp="05 Oct 2018 14:01:51 GMT" time="2.304" errors="0">
  <testcase name="verifyresponse" time="0.523" classname="petStoredemo.WaysResponseExtraction"/>
  <testcase name="getresponse_path" time="1.781" classname="petStoredemo.WaysResponseExtraction"/>
</testsuite> <!-- petStoredemo.WaysResponseExtraction -->
