<?xml version="1.0" encoding="UTF-8"?>
<!-- Generated by org.testng.reporters.JUnitReportReporter -->
<testsuite skipped="0" hostname="ntpc01508" name="petStoredemo.ResponseTime" tests="2" failures="0" timestamp="05 Oct 2018 13:48:58 GMT" time="3.469" errors="0">
  <testcase name="GetResponseTime" time="2.297" classname="petStoredemo.ResponseTime"/>
  <testcase name="verifyResponseTime" time="1.172" classname="petStoredemo.ResponseTime"/>
</testsuite> <!-- petStoredemo.ResponseTime -->
