<?xml version="1.0" encoding="UTF-8"?>
<!-- Generated by org.testng.reporters.JUnitReportReporter -->
<testsuite skipped="0" hostname="Dell" name="endtoEnd.PlaceOrder" tests="3" failures="0" timestamp="30 Jul 2019 12:00:44 GMT" time="9.028" errors="0">
  <testcase name="placeOrder" time="5.466" classname="endtoEnd.PlaceOrder"/>
  <testcase name="getOrder" time="1.721" classname="endtoEnd.PlaceOrder"/>
  <testcase name="deleteOrder" time="1.841" classname="endtoEnd.PlaceOrder"/>
</testsuite> <!-- endtoEnd.PlaceOrder -->
