<?xml version="1.0" encoding="UTF-8"?>
<!-- Generated by org.testng.reporters.JUnitReportReporter -->
<testsuite skipped="0" hostname="ntpc01508" name="petStoredemo.Authentication_key" tests="1" failures="0" timestamp="05 Oct 2018 11:54:27 GMT" time="3.120" errors="0">
  <testcase name="loginFAQ" time="3.120" classname="petStoredemo.Authentication_key"/>
</testsuite> <!-- petStoredemo.Authentication_key -->
