<?xml version="1.0" encoding="UTF-8"?>
<!-- Generated by org.testng.reporters.JUnitReportReporter -->
<testsuite skipped="0" hostname="ntpc01508" name="petStoredemo.CheckAssertions" tests="2" failures="0" timestamp="05 Oct 2018 11:55:06 GMT" time="3.938" errors="0">
  <testcase name="HardassertionDemo" time="2.700" classname="petStoredemo.CheckAssertions"/>
  <testcase name="SoftassertionDemo" time="1.238" classname="petStoredemo.CheckAssertions"/>
</testsuite> <!-- petStoredemo.CheckAssertions -->
